[debug] [2023-06-01T07:17:35.620Z] ----------------------------------------------------------------------
[debug] [2023-06-01T07:17:35.622Z] Command:       C:\Program Files\nodejs\node.exe C:\Users\line\AppData\Roaming\npm\node_modules\firebase-tools\lib\bin\firebase.js init
[debug] [2023-06-01T07:17:35.622Z] CLI Version:   12.2.1
[debug] [2023-06-01T07:17:35.623Z] Platform:      win32
[debug] [2023-06-01T07:17:35.623Z] Node Version:  v18.16.0
[debug] [2023-06-01T07:17:35.624Z] Time:          Thu Jun 01 2023 16:17:35 GMT+0900 (대한민국 표준시)
[debug] [2023-06-01T07:17:35.624Z] ----------------------------------------------------------------------
[debug] 
[debug] [2023-06-01T07:17:35.687Z] > command requires scopes: ["email","openid","https://www.googleapis.com/auth/cloudplatformprojects.readonly","https://www.googleapis.com/auth/firebase","https://www.googleapis.com/auth/cloud-platform"]
[debug] [2023-06-01T07:17:35.688Z] > authorizing via signed-in user (aimee00418@gmail.com)
[info] 
     ######## #### ########  ######## ########     ###     ######  ########
     ##        ##  ##     ## ##       ##     ##  ##   ##  ##       ##
     ######    ##  ########  ######   ########  #########  ######  ######
     ##        ##  ##    ##  ##       ##     ## ##     ##       ## ##
     ##       #### ##     ## ######## ########  ##     ##  ######  ########

You're about to initialize a Firebase project in this directory:

  C:\

Before we get started, keep in mind:

  * You are initializing within an existing Firebase project directory

[info] 
=== Project Setup
[info] 
[info] First, let's associate this project directory with a Firebase project.
[info] You can create multiple project aliases by running firebase use --add, 
[info] but for now we'll just set up a default project.
[info] 
[debug] [2023-06-01T07:17:45.321Z] Using project from CLI flag: aimee-site2023
[debug] [2023-06-01T07:17:45.324Z] >>> [apiv2][query] GET https://firebase.googleapis.com/v1beta1/projects/aimee-site2023 [none]
[debug] [2023-06-01T07:17:45.744Z] <<< [apiv2][status] GET https://firebase.googleapis.com/v1beta1/projects/aimee-site2023 200
[debug] [2023-06-01T07:17:45.744Z] <<< [apiv2][body] GET https://firebase.googleapis.com/v1beta1/projects/aimee-site2023 {"projectId":"aimee-site2023","projectNumber":"760261996696","displayName":"aimee-site2023","name":"projects/aimee-site2023","resources":{"hostingSite":"aimee-site2023"},"state":"DELETED","etag":"1_c4269843-e13c-4511-8d64-8556c1d7d172"}
[info] i  Using project aimee-site2023 (aimee-site2023) 
[info] 
=== Hosting Setup
[info] 
[info] Your public directory is the folder (relative to your project directory) that
[info] will contain Hosting assets to be uploaded with firebase deploy. If you
[info] have a build process for your assets, use your build's output directory.
[info] 
[debug] [2023-06-01T07:18:23.112Z] >>> [apiv2][query] GET https://www.gstatic.com/firebasejs/releases.json [none]
[debug] [2023-06-01T07:18:23.328Z] <<< [apiv2][status] GET https://www.gstatic.com/firebasejs/releases.json 200
[debug] [2023-06-01T07:18:23.329Z] <<< [apiv2][body] GET https://www.gstatic.com/firebasejs/releases.json {"current":{"version":"9.22.1","browserURL":"https://www.gstatic.com/firebasejs/9.22.1/firebase.js","packageURL":"https://www.gstatic.com/firebasejs/9.22.1/firebase.tgz"},"live":{"version":"9.22","browserURL":"https://www.gstatic.com/firebasejs/live/9.22/firebase.js","packageURL":"https://www.gstatic.com/firebasejs/live/9.22/firebase.tgz"},"components":{"analytics":"https://www.gstatic.com/firebasejs/9.22.1/firebase-analytics.js","app":"https://www.gstatic.com/firebasejs/9.22.1/firebase-app.js","app-check":"https://www.gstatic.com/firebasejs/9.22.1/firebase-app-check.js","auth":"https://www.gstatic.com/firebasejs/9.22.1/firebase-auth.js","auth/cordova":"https://www.gstatic.com/firebasejs/9.22.1/firebase-auth/cordova.js","auth/react-native":"https://www.gstatic.com/firebasejs/9.22.1/firebase-auth/react-native.js","functions":"https://www.gstatic.com/firebasejs/9.22.1/firebase-functions.js","firestore":"https://www.gstatic.com/firebasejs/9.22.1/firebase-firestore.js","firestore/lite":"https://www.gstatic.com/firebasejs/9.22.1/firebase-firestore/lite.js","installations":"https://www.gstatic.com/firebasejs/9.22.1/firebase-installations.js","storage":"https://www.gstatic.com/firebasejs/9.22.1/firebase-storage.js","performance":"https://www.gstatic.com/firebasejs/9.22.1/firebase-performance.js","remote-config":"https://www.gstatic.com/firebasejs/9.22.1/firebase-remote-config.js","messaging":"https://www.gstatic.com/firebasejs/9.22.1/firebase-messaging.js","messaging/sw":"https://www.gstatic.com/firebasejs/9.22.1/firebase-messaging/sw.js","database":"https://www.gstatic.com/firebasejs/9.22.1/firebase-database.js","firestore.memory":"https://www.gstatic.com/firebasejs/9.22.1/firebase-firestore.memory.js"}}
[info] +  Wrote firebase use --add/index.html 
[info] 
[info] i  Writing configuration info to firebase.json... 
[debug] [2023-06-01T07:18:32.199Z] Error: EPERM: operation not permitted, open 'C:\firebase.json'
    at Object.openSync (node:fs:601:3)
    at Object.writeFileSync (node:fs:2249:35)
    at Config.writeProjectFile (C:\Users\line\AppData\Roaming\npm\node_modules\firebase-tools\lib\config.js:153:12)
    at C:\Users\line\AppData\Roaming\npm\node_modules\firebase-tools\lib\commands\init.js:176:16
    at process.processTicksAndRejections (node:internal/process/task_queues:95:5)
[error] 
[error] Error: An unexpected error has occurred.
